\BOOKMARK [0][-]{chapter.1}{Introduction}{}% 1
\BOOKMARK [1][-]{section.1.1}{Graph-based Data Integration}{chapter.1}% 2
\BOOKMARK [1][-]{section.1.2}{Challenges}{chapter.1}% 3
\BOOKMARK [2][-]{subsection.1.2.1}{Node Similarity Measure}{section.1.2}% 4
\BOOKMARK [2][-]{subsection.1.2.2}{Sparsity}{section.1.2}% 5
\BOOKMARK [2][-]{subsection.1.2.3}{Scalability}{section.1.2}% 6
\BOOKMARK [2][-]{subsection.1.2.4}{Effectiveness and Efficiency}{section.1.2}% 7
\BOOKMARK [1][-]{section.1.3}{State of the Art Graph-based Data Integration}{chapter.1}% 8
\BOOKMARK [1][-]{section.1.4}{Contributions}{chapter.1}% 9
\BOOKMARK [2][-]{subsection.1.4.1}{Conjuctive Disjuctive Graph Node Kernel}{section.1.4}% 10
\BOOKMARK [2][-]{subsection.1.4.2}{Joint Neighborhood Subgraphs for Link Prediction}{section.1.4}% 11
\BOOKMARK [2][-]{subsection.1.4.3}{Link Enrichment for Diffusion-based Graph Node Kernels}{section.1.4}% 12
\BOOKMARK [2][-]{subsection.1.4.4}{Scalable Kenrel-based Gene Prioritization}{section.1.4}% 13
\BOOKMARK [2][-]{subsection.1.4.5}{Disjunctive Interconnection Graphs for Disease Gene Prioritization}{section.1.4}% 14
\BOOKMARK [0][-]{chapter.2}{Background}{}% 15
\BOOKMARK [1][-]{section.2.1}{Machine Learning}{chapter.2}% 16
\BOOKMARK [1][-]{section.2.2}{Kernel Methods}{chapter.2}% 17
\BOOKMARK [1][-]{section.2.3}{Kernel functions}{chapter.2}% 18
\BOOKMARK [2][-]{subsection.2.3.1}{Perceptron Method}{section.2.3}% 19
\BOOKMARK [2][-]{subsection.2.3.2}{Support Vector Machine}{section.2.3}% 20
\BOOKMARK [1][-]{section.2.4}{Graph Node Kernels}{chapter.2}% 21
\BOOKMARK [1][-]{section.2.5}{Disease Gene Prioritization}{chapter.2}% 22
\BOOKMARK [0][-]{chapter.3}{Conjunctive Disjunctive Graph Node Kernel}{}% 23
\BOOKMARK [1][-]{section.3.1}{Motivation}{chapter.3}% 24
\BOOKMARK [1][-]{section.3.2}{Method}{chapter.3}% 25
\BOOKMARK [1][-]{section.3.3}{Experiments}{chapter.3}% 26
\BOOKMARK [1][-]{section.3.4}{Analysis}{chapter.3}% 27
\BOOKMARK [1][-]{section.3.5}{Conclusion}{chapter.3}% 28
\BOOKMARK [0][-]{chapter.4}{Joint Neighborhood Subgraphs for Link Prediction}{}% 29
\BOOKMARK [1][-]{section.4.1}{Motivation}{chapter.4}% 30
\BOOKMARK [1][-]{section.4.2}{Method}{chapter.4}% 31
\BOOKMARK [1][-]{section.4.3}{Experiments}{chapter.4}% 32
\BOOKMARK [1][-]{section.4.4}{Analysis}{chapter.4}% 33
\BOOKMARK [1][-]{section.4.5}{Conclusion}{chapter.4}% 34
\BOOKMARK [0][-]{chapter.5}{Link Enrichment for Diffusion-based Graph Node Kernel}{}% 35
\BOOKMARK [1][-]{section.5.1}{Motivation}{chapter.5}% 36
\BOOKMARK [1][-]{section.5.2}{Method}{chapter.5}% 37
\BOOKMARK [1][-]{section.5.3}{Experiments}{chapter.5}% 38
\BOOKMARK [1][-]{section.5.4}{Analysis}{chapter.5}% 39
\BOOKMARK [1][-]{section.5.5}{Conclusion}{chapter.5}% 40
\BOOKMARK [0][-]{chapter.6}{Scuba - Scalable Kernel-based Gene Prioritization}{}% 41
\BOOKMARK [1][-]{section.6.1}{Motivation}{chapter.6}% 42
\BOOKMARK [1][-]{section.6.2}{Method}{chapter.6}% 43
\BOOKMARK [1][-]{section.6.3}{Experiments}{chapter.6}% 44
\BOOKMARK [1][-]{section.6.4}{Analysis}{chapter.6}% 45
\BOOKMARK [1][-]{section.6.5}{Conclusion}{chapter.6}% 46
\BOOKMARK [0][-]{chapter.7}{Disjuctive Interconnection Graphs for Disease Gene Prioritization}{}% 47
\BOOKMARK [1][-]{section.7.1}{Motivation}{chapter.7}% 48
\BOOKMARK [1][-]{section.7.2}{Method}{chapter.7}% 49
\BOOKMARK [1][-]{section.7.3}{Experiments}{chapter.7}% 50
\BOOKMARK [1][-]{section.7.4}{Analysis}{chapter.7}% 51
\BOOKMARK [1][-]{section.7.5}{Conclusion}{chapter.7}% 52
\BOOKMARK [0][-]{chapter.8}{Conclusion and Future Work}{}% 53
